<?xml version="1.0" encoding="UTF-8"?>
<!-- Generated by org.testng.reporters.JUnitReportReporter -->
<testsuite hostname="Ashu" failures="0" tests="1" name="com.actitime.testscript.CustomerModule" time="98.235" errors="0" timestamp="2023-07-25T22:29:33 IST" skipped="0">
  <testcase classname="com.actitime.testscript.CustomerModule" name="testCreatecustomer" time="98.235">
    <system-out>
      <![CDATA[Create customer]]>
    </system-out>
  </testcase> <!-- testCreatecustomer -->
  <system-out>
    <![CDATA[openbrowser
login
Create customer
closeBrowser]]>
  </system-out>
</testsuite> <!-- com.actitime.testscript.CustomerModule -->
